INFO	?	main	2016-11-18T17:17:05.732Z	org.javacs.Main#connectToNode	Connected to parent using socket on port 55282
INFO	?	main	2016-11-18T17:17:06.724Z	org.javacs.JavaLanguageServer#doLint	Lint [/home/manuelguarniz/AndroidStudioProjects/CrudAndroidFirebase/app/src/main/java/com/begincodes/app/crudandroidfirebase/security/CloudFirebase.java]
SEVERE	?	main	2016-11-18T17:17:16.956Z	org.javacs.Main$4#onError	Can't find configuration file for /home/manuelguarniz/AndroidStudioProjects/CrudAndroidFirebase/app/src/main/java/com/begincodes/app/crudandroidfirebase/security/CloudFirebase.java
org.javacs.NoJavaConfigException: Can't find configuration file for /home/manuelguarniz/AndroidStudioProjects/CrudAndroidFirebase/app/src/main/java/com/begincodes/app/crudandroidfirebase/security/CloudFirebase.java
	at org.javacs.JavaLanguageServer.lambda$findCompiler$21(JavaLanguageServer.java:479)
	at java.util.Optional.orElseThrow(Optional.java:290)
	at org.javacs.JavaLanguageServer.findCompiler(JavaLanguageServer.java:479)
	at org.javacs.JavaLanguageServer.findTree(JavaLanguageServer.java:809)
	at org.javacs.JavaLanguageServer.lambda$doHover$34(JavaLanguageServer.java:983)
	at java.util.Optional.ifPresent(Optional.java:159)
	at org.javacs.JavaLanguageServer.doHover(JavaLanguageServer.java:982)
	at org.javacs.JavaLanguageServer.access$000(JavaLanguageServer.java:31)
	at org.javacs.JavaLanguageServer$1.hover(JavaLanguageServer.java:118)
	at io.typefox.lsapi.services.transport.server.LanguageServerEndpoint._doAccept(LanguageServerEndpoint.xtend:130)
	at io.typefox.lsapi.services.transport.server.LanguageServerEndpoint.doAccept(LanguageServerEndpoint.xtend:117)
	at io.typefox.lsapi.services.transport.server.LanguageServerEndpoint.accept(LanguageServerEndpoint.xtend:114)
	at io.typefox.lsapi.services.transport.server.LanguageServerEndpoint.accept(LanguageServerEndpoint.xtend)
	at io.typefox.lsapi.services.transport.AbstractLanguageEndpoint.handleMessage(LanguageEndpoint.xtend:67)
	at io.typefox.lsapi.services.transport.AbstractLanguageEndpoint.lambda$connect$4(LanguageEndpoint.xtend:61)
	at io.typefox.lsapi.services.json.StreamMessageReader$1.apply(StreamMessageReader.java:46)
	at io.typefox.lsapi.services.json.StreamMessageReader$1.apply(StreamMessageReader.java:44)
	at io.typefox.lsapi.services.json.StreamMessageReader.handleMessage(StreamMessageReader.xtend:128)
	at io.typefox.lsapi.services.json.StreamMessageReader.listen(StreamMessageReader.xtend:61)
	at io.typefox.lsapi.services.transport.AbstractLanguageEndpoint.connect(LanguageEndpoint.xtend:60)
	at org.javacs.Main.run(Main.java:150)
	at org.javacs.Main.main(Main.java:69)

SEVERE	?	main	2016-11-18T17:17:17.670Z	org.javacs.Main$4#onError	Can't find configuration file for /home/manuelguarniz/AndroidStudioProjects/CrudAndroidFirebase/app/src/main/java/com/begincodes/app/crudandroidfirebase/security/CloudFirebase.java
org.javacs.NoJavaConfigException: Can't find configuration file for /home/manuelguarniz/AndroidStudioProjects/CrudAndroidFirebase/app/src/main/java/com/begincodes/app/crudandroidfirebase/security/CloudFirebase.java
	at org.javacs.JavaLanguageServer.lambda$findCompiler$21(JavaLanguageServer.java:479)
	at java.util.Optional.orElseThrow(Optional.java:290)
	at org.javacs.JavaLanguageServer.findCompiler(JavaLanguageServer.java:479)
	at org.javacs.JavaLanguageServer.findTree(JavaLanguageServer.java:809)
	at org.javacs.JavaLanguageServer.lambda$gotoDefinition$32(JavaLanguageServer.java:846)
	at java.util.Optional.ifPresent(Optional.java:159)
	at org.javacs.JavaLanguageServer.gotoDefinition(JavaLanguageServer.java:845)
	at org.javacs.JavaLanguageServer$1.definition(JavaLanguageServer.java:128)
	at io.typefox.lsapi.services.transport.server.LanguageServerEndpoint._doAccept(LanguageServerEndpoint.xtend:134)
	at io.typefox.lsapi.services.transport.server.LanguageServerEndpoint.doAccept(LanguageServerEndpoint.xtend:117)
	at io.typefox.lsapi.services.transport.server.LanguageServerEndpoint.accept(LanguageServerEndpoint.xtend:114)
	at io.typefox.lsapi.services.transport.server.LanguageServerEndpoint.accept(LanguageServerEndpoint.xtend)
	at io.typefox.lsapi.services.transport.AbstractLanguageEndpoint.handleMessage(LanguageEndpoint.xtend:67)
	at io.typefox.lsapi.services.transport.AbstractLanguageEndpoint.lambda$connect$4(LanguageEndpoint.xtend:61)
	at io.typefox.lsapi.services.json.StreamMessageReader$1.apply(StreamMessageReader.java:46)
	at io.typefox.lsapi.services.json.StreamMessageReader$1.apply(StreamMessageReader.java:44)
	at io.typefox.lsapi.services.json.StreamMessageReader.handleMessage(StreamMessageReader.xtend:128)
	at io.typefox.lsapi.services.json.StreamMessageReader.listen(StreamMessageReader.xtend:61)
	at io.typefox.lsapi.services.transport.AbstractLanguageEndpoint.connect(LanguageEndpoint.xtend:60)
	at org.javacs.Main.run(Main.java:150)
	at org.javacs.Main.main(Main.java:69)

SEVERE	?	main	2016-11-18T17:17:17.954Z	org.javacs.Main$4#onError	Can't find configuration file for /home/manuelguarniz/AndroidStudioProjects/CrudAndroidFirebase/app/src/main/java/com/begincodes/app/crudandroidfirebase/security/CloudFirebase.java
org.javacs.NoJavaConfigException: Can't find configuration file for /home/manuelguarniz/AndroidStudioProjects/CrudAndroidFirebase/app/src/main/java/com/begincodes/app/crudandroidfirebase/security/CloudFirebase.java
	at org.javacs.JavaLanguageServer.lambda$findCompiler$21(JavaLanguageServer.java:479)
	at java.util.Optional.orElseThrow(Optional.java:290)
	at org.javacs.JavaLanguageServer.findCompiler(JavaLanguageServer.java:479)
	at org.javacs.JavaLanguageServer.findTree(JavaLanguageServer.java:809)
	at org.javacs.JavaLanguageServer.lambda$doHover$34(JavaLanguageServer.java:983)
	at java.util.Optional.ifPresent(Optional.java:159)
	at org.javacs.JavaLanguageServer.doHover(JavaLanguageServer.java:982)
	at org.javacs.JavaLanguageServer.access$000(JavaLanguageServer.java:31)
	at org.javacs.JavaLanguageServer$1.hover(JavaLanguageServer.java:118)
	at io.typefox.lsapi.services.transport.server.LanguageServerEndpoint._doAccept(LanguageServerEndpoint.xtend:130)
	at io.typefox.lsapi.services.transport.server.LanguageServerEndpoint.doAccept(LanguageServerEndpoint.xtend:117)
	at io.typefox.lsapi.services.transport.server.LanguageServerEndpoint.accept(LanguageServerEndpoint.xtend:114)
	at io.typefox.lsapi.services.transport.server.LanguageServerEndpoint.accept(LanguageServerEndpoint.xtend)
	at io.typefox.lsapi.services.transport.AbstractLanguageEndpoint.handleMessage(LanguageEndpoint.xtend:67)
	at io.typefox.lsapi.services.transport.AbstractLanguageEndpoint.lambda$connect$4(LanguageEndpoint.xtend:61)
	at io.typefox.lsapi.services.json.StreamMessageReader$1.apply(StreamMessageReader.java:46)
	at io.typefox.lsapi.services.json.StreamMessageReader$1.apply(StreamMessageReader.java:44)
	at io.typefox.lsapi.services.json.StreamMessageReader.handleMessage(StreamMessageReader.xtend:128)
	at io.typefox.lsapi.services.json.StreamMessageReader.listen(StreamMessageReader.xtend:61)
	at io.typefox.lsapi.services.transport.AbstractLanguageEndpoint.connect(LanguageEndpoint.xtend:60)
	at org.javacs.Main.run(Main.java:150)
	at org.javacs.Main.main(Main.java:69)

SEVERE	?	main	2016-11-18T17:17:18.558Z	org.javacs.Main$4#onError	Can't find configuration file for /home/manuelguarniz/AndroidStudioProjects/CrudAndroidFirebase/app/src/main/java/com/begincodes/app/crudandroidfirebase/security/CloudFirebase.java
org.javacs.NoJavaConfigException: Can't find configuration file for /home/manuelguarniz/AndroidStudioProjects/CrudAndroidFirebase/app/src/main/java/com/begincodes/app/crudandroidfirebase/security/CloudFirebase.java
	at org.javacs.JavaLanguageServer.lambda$findCompiler$21(JavaLanguageServer.java:479)
	at java.util.Optional.orElseThrow(Optional.java:290)
	at org.javacs.JavaLanguageServer.findCompiler(JavaLanguageServer.java:479)
	at org.javacs.JavaLanguageServer.findTree(JavaLanguageServer.java:809)
	at org.javacs.JavaLanguageServer.lambda$doHover$34(JavaLanguageServer.java:983)
	at java.util.Optional.ifPresent(Optional.java:159)
	at org.javacs.JavaLanguageServer.doHover(JavaLanguageServer.java:982)
	at org.javacs.JavaLanguageServer.access$000(JavaLanguageServer.java:31)
	at org.javacs.JavaLanguageServer$1.hover(JavaLanguageServer.java:118)
	at io.typefox.lsapi.services.transport.server.LanguageServerEndpoint._doAccept(LanguageServerEndpoint.xtend:130)
	at io.typefox.lsapi.services.transport.server.LanguageServerEndpoint.doAccept(LanguageServerEndpoint.xtend:117)
	at io.typefox.lsapi.services.transport.server.LanguageServerEndpoint.accept(LanguageServerEndpoint.xtend:114)
	at io.typefox.lsapi.services.transport.server.LanguageServerEndpoint.accept(LanguageServerEndpoint.xtend)
	at io.typefox.lsapi.services.transport.AbstractLanguageEndpoint.handleMessage(LanguageEndpoint.xtend:67)
	at io.typefox.lsapi.services.transport.AbstractLanguageEndpoint.lambda$connect$4(LanguageEndpoint.xtend:61)
	at io.typefox.lsapi.services.json.StreamMessageReader$1.apply(StreamMessageReader.java:46)
	at io.typefox.lsapi.services.json.StreamMessageReader$1.apply(StreamMessageReader.java:44)
	at io.typefox.lsapi.services.json.StreamMessageReader.handleMessage(StreamMessageReader.xtend:128)
	at io.typefox.lsapi.services.json.StreamMessageReader.listen(StreamMessageReader.xtend:61)
	at io.typefox.lsapi.services.transport.AbstractLanguageEndpoint.connect(LanguageEndpoint.xtend:60)
	at org.javacs.Main.run(Main.java:150)
	at org.javacs.Main.main(Main.java:69)

SEVERE	?	main	2016-11-18T17:17:29.535Z	org.javacs.Main$4#onError	Can't find configuration file for /home/manuelguarniz/AndroidStudioProjects/CrudAndroidFirebase/app/src/main/java/com/begincodes/app/crudandroidfirebase/security/CloudFirebase.java
org.javacs.NoJavaConfigException: Can't find configuration file for /home/manuelguarniz/AndroidStudioProjects/CrudAndroidFirebase/app/src/main/java/com/begincodes/app/crudandroidfirebase/security/CloudFirebase.java
	at org.javacs.JavaLanguageServer.lambda$findCompiler$21(JavaLanguageServer.java:479)
	at java.util.Optional.orElseThrow(Optional.java:290)
	at org.javacs.JavaLanguageServer.findCompiler(JavaLanguageServer.java:479)
	at org.javacs.JavaLanguageServer.findTree(JavaLanguageServer.java:809)
	at org.javacs.JavaLanguageServer.lambda$doHover$34(JavaLanguageServer.java:983)
	at java.util.Optional.ifPresent(Optional.java:159)
	at org.javacs.JavaLanguageServer.doHover(JavaLanguageServer.java:982)
	at org.javacs.JavaLanguageServer.access$000(JavaLanguageServer.java:31)
	at org.javacs.JavaLanguageServer$1.hover(JavaLanguageServer.java:118)
	at io.typefox.lsapi.services.transport.server.LanguageServerEndpoint._doAccept(LanguageServerEndpoint.xtend:130)
	at io.typefox.lsapi.services.transport.server.LanguageServerEndpoint.doAccept(LanguageServerEndpoint.xtend:117)
	at io.typefox.lsapi.services.transport.server.LanguageServerEndpoint.accept(LanguageServerEndpoint.xtend:114)
	at io.typefox.lsapi.services.transport.server.LanguageServerEndpoint.accept(LanguageServerEndpoint.xtend)
	at io.typefox.lsapi.services.transport.AbstractLanguageEndpoint.handleMessage(LanguageEndpoint.xtend:67)
	at io.typefox.lsapi.services.transport.AbstractLanguageEndpoint.lambda$connect$4(LanguageEndpoint.xtend:61)
	at io.typefox.lsapi.services.json.StreamMessageReader$1.apply(StreamMessageReader.java:46)
	at io.typefox.lsapi.services.json.StreamMessageReader$1.apply(StreamMessageReader.java:44)
	at io.typefox.lsapi.services.json.StreamMessageReader.handleMessage(StreamMessageReader.xtend:128)
	at io.typefox.lsapi.services.json.StreamMessageReader.listen(StreamMessageReader.xtend:61)
	at io.typefox.lsapi.services.transport.AbstractLanguageEndpoint.connect(LanguageEndpoint.xtend:60)
	at org.javacs.Main.run(Main.java:150)
	at org.javacs.Main.main(Main.java:69)

INFO	?	main	2016-11-18T17:28:59.463Z	org.javacs.JavaLanguageServer#doLint	Lint [/home/manuelguarniz/AndroidStudioProjects/CrudAndroidFirebase/app/src/main/java/com/begincodes/app/crudandroidfirebase/MainActivity.java]
SEVERE	?	main	2016-11-18T17:29:00.783Z	org.javacs.Main$4#onError	Can't find configuration file for /home/manuelguarniz/AndroidStudioProjects/CrudAndroidFirebase/app/src/main/java/com/begincodes/app/crudandroidfirebase/MainActivity.java
org.javacs.NoJavaConfigException: Can't find configuration file for /home/manuelguarniz/AndroidStudioProjects/CrudAndroidFirebase/app/src/main/java/com/begincodes/app/crudandroidfirebase/MainActivity.java
	at org.javacs.JavaLanguageServer.lambda$findCompiler$21(JavaLanguageServer.java:479)
	at java.util.Optional.orElseThrow(Optional.java:290)
	at org.javacs.JavaLanguageServer.findCompiler(JavaLanguageServer.java:479)
	at org.javacs.JavaLanguageServer.findTree(JavaLanguageServer.java:809)
	at org.javacs.JavaLanguageServer.lambda$doHover$34(JavaLanguageServer.java:983)
	at java.util.Optional.ifPresent(Optional.java:159)
	at org.javacs.JavaLanguageServer.doHover(JavaLanguageServer.java:982)
	at org.javacs.JavaLanguageServer.access$000(JavaLanguageServer.java:31)
	at org.javacs.JavaLanguageServer$1.hover(JavaLanguageServer.java:118)
	at io.typefox.lsapi.services.transport.server.LanguageServerEndpoint._doAccept(LanguageServerEndpoint.xtend:130)
	at io.typefox.lsapi.services.transport.server.LanguageServerEndpoint.doAccept(LanguageServerEndpoint.xtend:117)
	at io.typefox.lsapi.services.transport.server.LanguageServerEndpoint.accept(LanguageServerEndpoint.xtend:114)
	at io.typefox.lsapi.services.transport.server.LanguageServerEndpoint.accept(LanguageServerEndpoint.xtend)
	at io.typefox.lsapi.services.transport.AbstractLanguageEndpoint.handleMessage(LanguageEndpoint.xtend:67)
	at io.typefox.lsapi.services.transport.AbstractLanguageEndpoint.lambda$connect$4(LanguageEndpoint.xtend:61)
	at io.typefox.lsapi.services.json.StreamMessageReader$1.apply(StreamMessageReader.java:46)
	at io.typefox.lsapi.services.json.StreamMessageReader$1.apply(StreamMessageReader.java:44)
	at io.typefox.lsapi.services.json.StreamMessageReader.handleMessage(StreamMessageReader.xtend:128)
	at io.typefox.lsapi.services.json.StreamMessageReader.listen(StreamMessageReader.xtend:61)
	at io.typefox.lsapi.services.transport.AbstractLanguageEndpoint.connect(LanguageEndpoint.xtend:60)
	at org.javacs.Main.run(Main.java:150)
	at org.javacs.Main.main(Main.java:69)

SEVERE	?	main	2016-11-18T17:29:00.986Z	org.javacs.Main$4#onError	Can't find configuration file for /home/manuelguarniz/AndroidStudioProjects/CrudAndroidFirebase/app/src/main/java/com/begincodes/app/crudandroidfirebase/MainActivity.java
org.javacs.NoJavaConfigException: Can't find configuration file for /home/manuelguarniz/AndroidStudioProjects/CrudAndroidFirebase/app/src/main/java/com/begincodes/app/crudandroidfirebase/MainActivity.java
	at org.javacs.JavaLanguageServer.lambda$findCompiler$21(JavaLanguageServer.java:479)
	at java.util.Optional.orElseThrow(Optional.java:290)
	at org.javacs.JavaLanguageServer.findCompiler(JavaLanguageServer.java:479)
	at org.javacs.JavaLanguageServer.findTree(JavaLanguageServer.java:809)
	at org.javacs.JavaLanguageServer.lambda$doHover$34(JavaLanguageServer.java:983)
	at java.util.Optional.ifPresent(Optional.java:159)
	at org.javacs.JavaLanguageServer.doHover(JavaLanguageServer.java:982)
	at org.javacs.JavaLanguageServer.access$000(JavaLanguageServer.java:31)
	at org.javacs.JavaLanguageServer$1.hover(JavaLanguageServer.java:118)
	at io.typefox.lsapi.services.transport.server.LanguageServerEndpoint._doAccept(LanguageServerEndpoint.xtend:130)
	at io.typefox.lsapi.services.transport.server.LanguageServerEndpoint.doAccept(LanguageServerEndpoint.xtend:117)
	at io.typefox.lsapi.services.transport.server.LanguageServerEndpoint.accept(LanguageServerEndpoint.xtend:114)
	at io.typefox.lsapi.services.transport.server.LanguageServerEndpoint.accept(LanguageServerEndpoint.xtend)
	at io.typefox.lsapi.services.transport.AbstractLanguageEndpoint.handleMessage(LanguageEndpoint.xtend:67)
	at io.typefox.lsapi.services.transport.AbstractLanguageEndpoint.lambda$connect$4(LanguageEndpoint.xtend:61)
	at io.typefox.lsapi.services.json.StreamMessageReader$1.apply(StreamMessageReader.java:46)
	at io.typefox.lsapi.services.json.StreamMessageReader$1.apply(StreamMessageReader.java:44)
	at io.typefox.lsapi.services.json.StreamMessageReader.handleMessage(StreamMessageReader.xtend:128)
	at io.typefox.lsapi.services.json.StreamMessageReader.listen(StreamMessageReader.xtend:61)
	at io.typefox.lsapi.services.transport.AbstractLanguageEndpoint.connect(LanguageEndpoint.xtend:60)
	at org.javacs.Main.run(Main.java:150)
	at org.javacs.Main.main(Main.java:69)

SEVERE	?	main	2016-11-18T17:29:05.394Z	org.javacs.Main$4#onError	Can't find configuration file for /home/manuelguarniz/AndroidStudioProjects/CrudAndroidFirebase/app/src/main/java/com/begincodes/app/crudandroidfirebase/MainActivity.java
org.javacs.NoJavaConfigException: Can't find configuration file for /home/manuelguarniz/AndroidStudioProjects/CrudAndroidFirebase/app/src/main/java/com/begincodes/app/crudandroidfirebase/MainActivity.java
	at org.javacs.JavaLanguageServer.lambda$findCompiler$21(JavaLanguageServer.java:479)
	at java.util.Optional.orElseThrow(Optional.java:290)
	at org.javacs.JavaLanguageServer.findCompiler(JavaLanguageServer.java:479)
	at org.javacs.JavaLanguageServer.findTree(JavaLanguageServer.java:809)
	at org.javacs.JavaLanguageServer.lambda$doHover$34(JavaLanguageServer.java:983)
	at java.util.Optional.ifPresent(Optional.java:159)
	at org.javacs.JavaLanguageServer.doHover(JavaLanguageServer.java:982)
	at org.javacs.JavaLanguageServer.access$000(JavaLanguageServer.java:31)
	at org.javacs.JavaLanguageServer$1.hover(JavaLanguageServer.java:118)
	at io.typefox.lsapi.services.transport.server.LanguageServerEndpoint._doAccept(LanguageServerEndpoint.xtend:130)
	at io.typefox.lsapi.services.transport.server.LanguageServerEndpoint.doAccept(LanguageServerEndpoint.xtend:117)
	at io.typefox.lsapi.services.transport.server.LanguageServerEndpoint.accept(LanguageServerEndpoint.xtend:114)
	at io.typefox.lsapi.services.transport.server.LanguageServerEndpoint.accept(LanguageServerEndpoint.xtend)
	at io.typefox.lsapi.services.transport.AbstractLanguageEndpoint.handleMessage(LanguageEndpoint.xtend:67)
	at io.typefox.lsapi.services.transport.AbstractLanguageEndpoint.lambda$connect$4(LanguageEndpoint.xtend:61)
	at io.typefox.lsapi.services.json.StreamMessageReader$1.apply(StreamMessageReader.java:46)
	at io.typefox.lsapi.services.json.StreamMessageReader$1.apply(StreamMessageReader.java:44)
	at io.typefox.lsapi.services.json.StreamMessageReader.handleMessage(StreamMessageReader.xtend:128)
	at io.typefox.lsapi.services.json.StreamMessageReader.listen(StreamMessageReader.xtend:61)
	at io.typefox.lsapi.services.transport.AbstractLanguageEndpoint.connect(LanguageEndpoint.xtend:60)
	at org.javacs.Main.run(Main.java:150)
	at org.javacs.Main.main(Main.java:69)

SEVERE	?	main	2016-11-18T17:29:41.802Z	org.javacs.Main$4#onError	Can't find configuration file for /home/manuelguarniz/AndroidStudioProjects/CrudAndroidFirebase/app/src/main/java/com/begincodes/app/crudandroidfirebase/MainActivity.java
org.javacs.NoJavaConfigException: Can't find configuration file for /home/manuelguarniz/AndroidStudioProjects/CrudAndroidFirebase/app/src/main/java/com/begincodes/app/crudandroidfirebase/MainActivity.java
	at org.javacs.JavaLanguageServer.lambda$findCompiler$21(JavaLanguageServer.java:479)
	at java.util.Optional.orElseThrow(Optional.java:290)
	at org.javacs.JavaLanguageServer.findCompiler(JavaLanguageServer.java:479)
	at org.javacs.JavaLanguageServer.findTree(JavaLanguageServer.java:809)
	at org.javacs.JavaLanguageServer.lambda$doHover$34(JavaLanguageServer.java:983)
	at java.util.Optional.ifPresent(Optional.java:159)
	at org.javacs.JavaLanguageServer.doHover(JavaLanguageServer.java:982)
	at org.javacs.JavaLanguageServer.access$000(JavaLanguageServer.java:31)
	at org.javacs.JavaLanguageServer$1.hover(JavaLanguageServer.java:118)
	at io.typefox.lsapi.services.transport.server.LanguageServerEndpoint._doAccept(LanguageServerEndpoint.xtend:130)
	at io.typefox.lsapi.services.transport.server.LanguageServerEndpoint.doAccept(LanguageServerEndpoint.xtend:117)
	at io.typefox.lsapi.services.transport.server.LanguageServerEndpoint.accept(LanguageServerEndpoint.xtend:114)
	at io.typefox.lsapi.services.transport.server.LanguageServerEndpoint.accept(LanguageServerEndpoint.xtend)
	at io.typefox.lsapi.services.transport.AbstractLanguageEndpoint.handleMessage(LanguageEndpoint.xtend:67)
	at io.typefox.lsapi.services.transport.AbstractLanguageEndpoint.lambda$connect$4(LanguageEndpoint.xtend:61)
	at io.typefox.lsapi.services.json.StreamMessageReader$1.apply(StreamMessageReader.java:46)
	at io.typefox.lsapi.services.json.StreamMessageReader$1.apply(StreamMessageReader.java:44)
	at io.typefox.lsapi.services.json.StreamMessageReader.handleMessage(StreamMessageReader.xtend:128)
	at io.typefox.lsapi.services.json.StreamMessageReader.listen(StreamMessageReader.xtend:61)
	at io.typefox.lsapi.services.transport.AbstractLanguageEndpoint.connect(LanguageEndpoint.xtend:60)
	at org.javacs.Main.run(Main.java:150)
	at org.javacs.Main.main(Main.java:69)

SEVERE	?	main	2016-11-18T17:29:47.374Z	org.javacs.Main$4#onError	Can't find configuration file for /home/manuelguarniz/AndroidStudioProjects/CrudAndroidFirebase/app/src/main/java/com/begincodes/app/crudandroidfirebase/MainActivity.java
org.javacs.NoJavaConfigException: Can't find configuration file for /home/manuelguarniz/AndroidStudioProjects/CrudAndroidFirebase/app/src/main/java/com/begincodes/app/crudandroidfirebase/MainActivity.java
	at org.javacs.JavaLanguageServer.lambda$findCompiler$21(JavaLanguageServer.java:479)
	at java.util.Optional.orElseThrow(Optional.java:290)
	at org.javacs.JavaLanguageServer.findCompiler(JavaLanguageServer.java:479)
	at org.javacs.JavaLanguageServer.findTree(JavaLanguageServer.java:809)
	at org.javacs.JavaLanguageServer.lambda$doHover$34(JavaLanguageServer.java:983)
	at java.util.Optional.ifPresent(Optional.java:159)
	at org.javacs.JavaLanguageServer.doHover(JavaLanguageServer.java:982)
	at org.javacs.JavaLanguageServer.access$000(JavaLanguageServer.java:31)
	at org.javacs.JavaLanguageServer$1.hover(JavaLanguageServer.java:118)
	at io.typefox.lsapi.services.transport.server.LanguageServerEndpoint._doAccept(LanguageServerEndpoint.xtend:130)
	at io.typefox.lsapi.services.transport.server.LanguageServerEndpoint.doAccept(LanguageServerEndpoint.xtend:117)
	at io.typefox.lsapi.services.transport.server.LanguageServerEndpoint.accept(LanguageServerEndpoint.xtend:114)
	at io.typefox.lsapi.services.transport.server.LanguageServerEndpoint.accept(LanguageServerEndpoint.xtend)
	at io.typefox.lsapi.services.transport.AbstractLanguageEndpoint.handleMessage(LanguageEndpoint.xtend:67)
	at io.typefox.lsapi.services.transport.AbstractLanguageEndpoint.lambda$connect$4(LanguageEndpoint.xtend:61)
	at io.typefox.lsapi.services.json.StreamMessageReader$1.apply(StreamMessageReader.java:46)
	at io.typefox.lsapi.services.json.StreamMessageReader$1.apply(StreamMessageReader.java:44)
	at io.typefox.lsapi.services.json.StreamMessageReader.handleMessage(StreamMessageReader.xtend:128)
	at io.typefox.lsapi.services.json.StreamMessageReader.listen(StreamMessageReader.xtend:61)
	at io.typefox.lsapi.services.transport.AbstractLanguageEndpoint.connect(LanguageEndpoint.xtend:60)
	at org.javacs.Main.run(Main.java:150)
	at org.javacs.Main.main(Main.java:69)

SEVERE	?	main	2016-11-18T17:29:47.974Z	org.javacs.Main$4#onError	Can't find configuration file for /home/manuelguarniz/AndroidStudioProjects/CrudAndroidFirebase/app/src/main/java/com/begincodes/app/crudandroidfirebase/MainActivity.java
org.javacs.NoJavaConfigException: Can't find configuration file for /home/manuelguarniz/AndroidStudioProjects/CrudAndroidFirebase/app/src/main/java/com/begincodes/app/crudandroidfirebase/MainActivity.java
	at org.javacs.JavaLanguageServer.lambda$findCompiler$21(JavaLanguageServer.java:479)
	at java.util.Optional.orElseThrow(Optional.java:290)
	at org.javacs.JavaLanguageServer.findCompiler(JavaLanguageServer.java:479)
	at org.javacs.JavaLanguageServer.findTree(JavaLanguageServer.java:809)
	at org.javacs.JavaLanguageServer.lambda$doHover$34(JavaLanguageServer.java:983)
	at java.util.Optional.ifPresent(Optional.java:159)
	at org.javacs.JavaLanguageServer.doHover(JavaLanguageServer.java:982)
	at org.javacs.JavaLanguageServer.access$000(JavaLanguageServer.java:31)
	at org.javacs.JavaLanguageServer$1.hover(JavaLanguageServer.java:118)
	at io.typefox.lsapi.services.transport.server.LanguageServerEndpoint._doAccept(LanguageServerEndpoint.xtend:130)
	at io.typefox.lsapi.services.transport.server.LanguageServerEndpoint.doAccept(LanguageServerEndpoint.xtend:117)
	at io.typefox.lsapi.services.transport.server.LanguageServerEndpoint.accept(LanguageServerEndpoint.xtend:114)
	at io.typefox.lsapi.services.transport.server.LanguageServerEndpoint.accept(LanguageServerEndpoint.xtend)
	at io.typefox.lsapi.services.transport.AbstractLanguageEndpoint.handleMessage(LanguageEndpoint.xtend:67)
	at io.typefox.lsapi.services.transport.AbstractLanguageEndpoint.lambda$connect$4(LanguageEndpoint.xtend:61)
	at io.typefox.lsapi.services.json.StreamMessageReader$1.apply(StreamMessageReader.java:46)
	at io.typefox.lsapi.services.json.StreamMessageReader$1.apply(StreamMessageReader.java:44)
	at io.typefox.lsapi.services.json.StreamMessageReader.handleMessage(StreamMessageReader.xtend:128)
	at io.typefox.lsapi.services.json.StreamMessageReader.listen(StreamMessageReader.xtend:61)
	at io.typefox.lsapi.services.transport.AbstractLanguageEndpoint.connect(LanguageEndpoint.xtend:60)
	at org.javacs.Main.run(Main.java:150)
	at org.javacs.Main.main(Main.java:69)

SEVERE	?	main	2016-11-18T17:29:48.378Z	org.javacs.Main$4#onError	Can't find configuration file for /home/manuelguarniz/AndroidStudioProjects/CrudAndroidFirebase/app/src/main/java/com/begincodes/app/crudandroidfirebase/MainActivity.java
org.javacs.NoJavaConfigException: Can't find configuration file for /home/manuelguarniz/AndroidStudioProjects/CrudAndroidFirebase/app/src/main/java/com/begincodes/app/crudandroidfirebase/MainActivity.java
	at org.javacs.JavaLanguageServer.lambda$findCompiler$21(JavaLanguageServer.java:479)
	at java.util.Optional.orElseThrow(Optional.java:290)
	at org.javacs.JavaLanguageServer.findCompiler(JavaLanguageServer.java:479)
	at org.javacs.JavaLanguageServer.findTree(JavaLanguageServer.java:809)
	at org.javacs.JavaLanguageServer.lambda$doHover$34(JavaLanguageServer.java:983)
	at java.util.Optional.ifPresent(Optional.java:159)
	at org.javacs.JavaLanguageServer.doHover(JavaLanguageServer.java:982)
	at org.javacs.JavaLanguageServer.access$000(JavaLanguageServer.java:31)
	at org.javacs.JavaLanguageServer$1.hover(JavaLanguageServer.java:118)
	at io.typefox.lsapi.services.transport.server.LanguageServerEndpoint._doAccept(LanguageServerEndpoint.xtend:130)
	at io.typefox.lsapi.services.transport.server.LanguageServerEndpoint.doAccept(LanguageServerEndpoint.xtend:117)
	at io.typefox.lsapi.services.transport.server.LanguageServerEndpoint.accept(LanguageServerEndpoint.xtend:114)
	at io.typefox.lsapi.services.transport.server.LanguageServerEndpoint.accept(LanguageServerEndpoint.xtend)
	at io.typefox.lsapi.services.transport.AbstractLanguageEndpoint.handleMessage(LanguageEndpoint.xtend:67)
	at io.typefox.lsapi.services.transport.AbstractLanguageEndpoint.lambda$connect$4(LanguageEndpoint.xtend:61)
	at io.typefox.lsapi.services.json.StreamMessageReader$1.apply(StreamMessageReader.java:46)
	at io.typefox.lsapi.services.json.StreamMessageReader$1.apply(StreamMessageReader.java:44)
	at io.typefox.lsapi.services.json.StreamMessageReader.handleMessage(StreamMessageReader.xtend:128)
	at io.typefox.lsapi.services.json.StreamMessageReader.listen(StreamMessageReader.xtend:61)
	at io.typefox.lsapi.services.transport.AbstractLanguageEndpoint.connect(LanguageEndpoint.xtend:60)
	at org.javacs.Main.run(Main.java:150)
	at org.javacs.Main.main(Main.java:69)

SEVERE	?	main	2016-11-18T17:30:21.854Z	org.javacs.Main$4#onError	Can't find configuration file for /home/manuelguarniz/AndroidStudioProjects/CrudAndroidFirebase/app/src/main/java/com/begincodes/app/crudandroidfirebase/MainActivity.java
org.javacs.NoJavaConfigException: Can't find configuration file for /home/manuelguarniz/AndroidStudioProjects/CrudAndroidFirebase/app/src/main/java/com/begincodes/app/crudandroidfirebase/MainActivity.java
	at org.javacs.JavaLanguageServer.lambda$findCompiler$21(JavaLanguageServer.java:479)
	at java.util.Optional.orElseThrow(Optional.java:290)
	at org.javacs.JavaLanguageServer.findCompiler(JavaLanguageServer.java:479)
	at org.javacs.JavaLanguageServer.findTree(JavaLanguageServer.java:809)
	at org.javacs.JavaLanguageServer.lambda$doHover$34(JavaLanguageServer.java:983)
	at java.util.Optional.ifPresent(Optional.java:159)
	at org.javacs.JavaLanguageServer.doHover(JavaLanguageServer.java:982)
	at org.javacs.JavaLanguageServer.access$000(JavaLanguageServer.java:31)
	at org.javacs.JavaLanguageServer$1.hover(JavaLanguageServer.java:118)
	at io.typefox.lsapi.services.transport.server.LanguageServerEndpoint._doAccept(LanguageServerEndpoint.xtend:130)
	at io.typefox.lsapi.services.transport.server.LanguageServerEndpoint.doAccept(LanguageServerEndpoint.xtend:117)
	at io.typefox.lsapi.services.transport.server.LanguageServerEndpoint.accept(LanguageServerEndpoint.xtend:114)
	at io.typefox.lsapi.services.transport.server.LanguageServerEndpoint.accept(LanguageServerEndpoint.xtend)
	at io.typefox.lsapi.services.transport.AbstractLanguageEndpoint.handleMessage(LanguageEndpoint.xtend:67)
	at io.typefox.lsapi.services.transport.AbstractLanguageEndpoint.lambda$connect$4(LanguageEndpoint.xtend:61)
	at io.typefox.lsapi.services.json.StreamMessageReader$1.apply(StreamMessageReader.java:46)
	at io.typefox.lsapi.services.json.StreamMessageReader$1.apply(StreamMessageReader.java:44)
	at io.typefox.lsapi.services.json.StreamMessageReader.handleMessage(StreamMessageReader.xtend:128)
	at io.typefox.lsapi.services.json.StreamMessageReader.listen(StreamMessageReader.xtend:61)
	at io.typefox.lsapi.services.transport.AbstractLanguageEndpoint.connect(LanguageEndpoint.xtend:60)
	at org.javacs.Main.run(Main.java:150)
	at org.javacs.Main.main(Main.java:69)

SEVERE	?	main	2016-11-18T17:30:22.422Z	org.javacs.Main$4#onError	Can't find configuration file for /home/manuelguarniz/AndroidStudioProjects/CrudAndroidFirebase/app/src/main/java/com/begincodes/app/crudandroidfirebase/MainActivity.java
org.javacs.NoJavaConfigException: Can't find configuration file for /home/manuelguarniz/AndroidStudioProjects/CrudAndroidFirebase/app/src/main/java/com/begincodes/app/crudandroidfirebase/MainActivity.java
	at org.javacs.JavaLanguageServer.lambda$findCompiler$21(JavaLanguageServer.java:479)
	at java.util.Optional.orElseThrow(Optional.java:290)
	at org.javacs.JavaLanguageServer.findCompiler(JavaLanguageServer.java:479)
	at org.javacs.JavaLanguageServer.findTree(JavaLanguageServer.java:809)
	at org.javacs.JavaLanguageServer.lambda$doHover$34(JavaLanguageServer.java:983)
	at java.util.Optional.ifPresent(Optional.java:159)
	at org.javacs.JavaLanguageServer.doHover(JavaLanguageServer.java:982)
	at org.javacs.JavaLanguageServer.access$000(JavaLanguageServer.java:31)
	at org.javacs.JavaLanguageServer$1.hover(JavaLanguageServer.java:118)
	at io.typefox.lsapi.services.transport.server.LanguageServerEndpoint._doAccept(LanguageServerEndpoint.xtend:130)
	at io.typefox.lsapi.services.transport.server.LanguageServerEndpoint.doAccept(LanguageServerEndpoint.xtend:117)
	at io.typefox.lsapi.services.transport.server.LanguageServerEndpoint.accept(LanguageServerEndpoint.xtend:114)
	at io.typefox.lsapi.services.transport.server.LanguageServerEndpoint.accept(LanguageServerEndpoint.xtend)
	at io.typefox.lsapi.services.transport.AbstractLanguageEndpoint.handleMessage(LanguageEndpoint.xtend:67)
	at io.typefox.lsapi.services.transport.AbstractLanguageEndpoint.lambda$connect$4(LanguageEndpoint.xtend:61)
	at io.typefox.lsapi.services.json.StreamMessageReader$1.apply(StreamMessageReader.java:46)
	at io.typefox.lsapi.services.json.StreamMessageReader$1.apply(StreamMessageReader.java:44)
	at io.typefox.lsapi.services.json.StreamMessageReader.handleMessage(StreamMessageReader.xtend:128)
	at io.typefox.lsapi.services.json.StreamMessageReader.listen(StreamMessageReader.xtend:61)
	at io.typefox.lsapi.services.transport.AbstractLanguageEndpoint.connect(LanguageEndpoint.xtend:60)
	at org.javacs.Main.run(Main.java:150)
	at org.javacs.Main.main(Main.java:69)

SEVERE	?	main	2016-11-18T17:34:36.410Z	org.javacs.Main$4#onError	Can't find configuration file for /home/manuelguarniz/AndroidStudioProjects/CrudAndroidFirebase/app/src/main/java/com/begincodes/app/crudandroidfirebase/MainActivity.java
org.javacs.NoJavaConfigException: Can't find configuration file for /home/manuelguarniz/AndroidStudioProjects/CrudAndroidFirebase/app/src/main/java/com/begincodes/app/crudandroidfirebase/MainActivity.java
	at org.javacs.JavaLanguageServer.lambda$findCompiler$21(JavaLanguageServer.java:479)
	at java.util.Optional.orElseThrow(Optional.java:290)
	at org.javacs.JavaLanguageServer.findCompiler(JavaLanguageServer.java:479)
	at org.javacs.JavaLanguageServer.findTree(JavaLanguageServer.java:809)
	at org.javacs.JavaLanguageServer.lambda$doHover$34(JavaLanguageServer.java:983)
	at java.util.Optional.ifPresent(Optional.java:159)
	at org.javacs.JavaLanguageServer.doHover(JavaLanguageServer.java:982)
	at org.javacs.JavaLanguageServer.access$000(JavaLanguageServer.java:31)
	at org.javacs.JavaLanguageServer$1.hover(JavaLanguageServer.java:118)
	at io.typefox.lsapi.services.transport.server.LanguageServerEndpoint._doAccept(LanguageServerEndpoint.xtend:130)
	at io.typefox.lsapi.services.transport.server.LanguageServerEndpoint.doAccept(LanguageServerEndpoint.xtend:117)
	at io.typefox.lsapi.services.transport.server.LanguageServerEndpoint.accept(LanguageServerEndpoint.xtend:114)
	at io.typefox.lsapi.services.transport.server.LanguageServerEndpoint.accept(LanguageServerEndpoint.xtend)
	at io.typefox.lsapi.services.transport.AbstractLanguageEndpoint.handleMessage(LanguageEndpoint.xtend:67)
	at io.typefox.lsapi.services.transport.AbstractLanguageEndpoint.lambda$connect$4(LanguageEndpoint.xtend:61)
	at io.typefox.lsapi.services.json.StreamMessageReader$1.apply(StreamMessageReader.java:46)
	at io.typefox.lsapi.services.json.StreamMessageReader$1.apply(StreamMessageReader.java:44)
	at io.typefox.lsapi.services.json.StreamMessageReader.handleMessage(StreamMessageReader.xtend:128)
	at io.typefox.lsapi.services.json.StreamMessageReader.listen(StreamMessageReader.xtend:61)
	at io.typefox.lsapi.services.transport.AbstractLanguageEndpoint.connect(LanguageEndpoint.xtend:60)
	at org.javacs.Main.run(Main.java:150)
	at org.javacs.Main.main(Main.java:69)

INFO	?	main	2016-11-18T17:39:15.235Z	org.javacs.Main#run	Connection closed
